npm error code ERESOLVE
npm error ERESOLVE could not resolve
npm error
npm error While resolving: eslint-plugin-jest@28.11.0
npm error Found: @typescript-eslint/eslint-plugin@5.62.0
npm error node_modules/@typescript-eslint/eslint-plugin
npm error   dev @typescript-eslint/eslint-plugin@"^5.59.0" from the root project
npm error
npm error Could not resolve dependency:
npm error peerOptional @typescript-eslint/eslint-plugin@"^6.0.0 || ^7.0.0 || ^8.0.0" from eslint-plugin-jest@28.11.0
npm error node_modules/eslint-plugin-jest
npm error   dev eslint-plugin-jest@"^28.11.0" from the root project
npm error
npm error Conflicting peer dependency: @typescript-eslint/eslint-plugin@8.32.1
npm error node_modules/@typescript-eslint/eslint-plugin
npm error   peerOptional @typescript-eslint/eslint-plugin@"^6.0.0 || ^7.0.0 || ^8.0.0" from eslint-plugin-jest@28.11.0
npm error   node_modules/eslint-plugin-jest
npm error     dev eslint-plugin-jest@"^28.11.0" from the root project
npm error
npm error Fix the upstream dependency conflict, or retry
npm error this command with --force or --legacy-peer-deps
npm error to accept an incorrect (and potentially broken) dependency resolution.
npm error
npm error
npm error For a full report see:
npm error /Users/stephanecourant/.npm/_logs/2025-05-21T00_55_56_957Z-eresolve-report.txt
npm error A complete log of this run can be found in: /Users/stephanecourant/.npm/_logs/2025-05-21T00_55_56_957Z-debug-0.log
