npm warn ERESOLVE overriding peer dependency
npm warn While resolving: @react-native/virtualized-lists@0.79.2
npm warn Found: @types/react@18.3.21
npm warn node_modules/@types/react
npm warn   peerOptional @types/react@"^18.0.0 || ^19.0.0" from @testing-library/react@16.3.0
npm warn   node_modules/@testing-library/react
npm warn     @testing-library/react@"^16.3.0" from the root project
npm warn   1 more (the root project)
npm warn
npm warn Could not resolve dependency:
npm warn peerOptional @types/react@"^19.0.0" from @react-native/virtualized-lists@0.79.2
npm warn node_modules/@react-native/virtualized-lists
npm warn   @react-native/virtualized-lists@"0.79.2" from react-native@0.79.2
npm warn   node_modules/react-native
npm warn
npm warn Conflicting peer dependency: @types/react@19.1.4
npm warn node_modules/@types/react
npm warn   peerOptional @types/react@"^19.0.0" from @react-native/virtualized-lists@0.79.2
npm warn   node_modules/@react-native/virtualized-lists
npm warn     @react-native/virtualized-lists@"0.79.2" from react-native@0.79.2
npm warn     node_modules/react-native
npm error code ERESOLVE
npm error ERESOLVE could not resolve
npm error
npm error While resolving: @testing-library/react-native@13.2.0
npm error Found: react@18.3.1
npm error node_modules/react
npm error   peer react@"*" from @expo/vector-icons@14.1.0
npm error   node_modules/@expo/vector-icons
npm error     @expo/vector-icons@"^14.1.0" from the root project
npm error   peer react@">=16.8.0 <20.0.0" from @koale/useworker@4.1.2
npm error   node_modules/@koale/useworker
npm error     @koale/useworker@"^4.0.2" from expo-camera@13.1.0
npm error     node_modules/expo-camera
npm error       expo-camera@"~13.1.0" from the root project
npm error   36 more (@radix-ui/react-compose-refs, @radix-ui/react-slot, ...)
npm error
npm error Could not resolve dependency:
npm error peer react-test-renderer@">=18.2.0" from @testing-library/react-native@13.2.0
npm error node_modules/@testing-library/react-native
npm error   @testing-library/react-native@"^13.2.0" from the root project
npm error
npm error Conflicting peer dependency: react@19.1.0
npm error node_modules/react
npm error   peer react@"^19.1.0" from react-test-renderer@19.1.0
npm error   node_modules/react-test-renderer
npm error     peer react-test-renderer@">=18.2.0" from @testing-library/react-native@13.2.0
npm error     node_modules/@testing-library/react-native
npm error       @testing-library/react-native@"^13.2.0" from the root project
npm error
npm error Fix the upstream dependency conflict, or retry
npm error this command with --force or --legacy-peer-deps
npm error to accept an incorrect (and potentially broken) dependency resolution.
npm error
npm error
npm error For a full report see:
npm error /Users/stephanecourant/.npm/_logs/2025-05-15T17_53_27_493Z-eresolve-report.txt
npm error A complete log of this run can be found in: /Users/stephanecourant/.npm/_logs/2025-05-15T17_53_27_493Z-debug-0.log
